Flutter crash report.
Please report a bug at https://github.com/flutter/flutter/issues.

## command

flutter --no-color run --machine --track-widget-creation --device-id=chrome --start-paused --dart-define=flutter.inspector.structuredErrors=true lib\main.dart

## exception

UnsupportedError: Unsupported operation: Illegal character in path:  - https:

```
#0      _Uri._checkWindowsPathReservedCharacters (dart:core/uri.dart:1844:11)
#1      _Uri._toWindowsFilePath (dart:core/uri.dart:2885:7)
#2      _Uri.toFilePath (dart:core/uri.dart:2857:38)
#3      ManifestAssetBundle._parseAssetsFromFolder (package:flutter_tools/src/asset.dart:808:29)
#4      ManifestAssetBundle._parseAssets (package:flutter_tools/src/asset.dart:733:9)
#5      ManifestAssetBundle.build (package:flutter_tools/src/asset.dart:250:54)
<asynchronous suspension>
#6      ResidentWebRunner._updateDevFS (package:flutter_tools/src/isolated/resident_web_runner.dart:469:26)
<asynchronous suspension>
#7      ResidentWebRunner.run.<anonymous closure> (package:flutter_tools/src/isolated/resident_web_runner.dart:284:41)
<asynchronous suspension>
#8      asyncGuard.<anonymous closure> (package:flutter_tools/src/base/async_guard.dart:111:24)
<asynchronous suspension>
```

## flutter doctor

```
[✓] Flutter (Channel stable, 3.7.8, on Microsoft Windows [Version 10.0.19045.2846], locale en-GB)
    • Flutter version 3.7.8 on channel stable at C:\scr\flutter\flutter
    • Upstream repository https://github.com/flutter/flutter.git
    • Framework revision 90c64ed42b (9 weeks ago), 2023-03-21 11:27:08 -0500
    • Engine revision 9aa7816315
    • Dart version 2.19.5
    • DevTools version 2.20.1

[✓] Windows Version (Installed version of Windows is version 10 or higher)

[✓] Android toolchain - develop for Android devices (Android SDK version 31.0.0)
    • Android SDK at C:\Users\ahmed\AppData\Local\Android\sdk
    • Platform android-33, build-tools 31.0.0
    • Java binary at: C:\Program Files\Android\Android Studio\jre\bin\java
    • Java version OpenJDK Runtime Environment (build 11.0.12+7-b1504.28-7817840)
    • All Android licenses accepted.

[✓] Chrome - develop for the web
    • Chrome at C:\Program Files\Google\Chrome\Application\chrome.exe

[!] Visual Studio - develop for Windows (Visual Studio Build Tools 2019 16.11.26)
    • Visual Studio at C:\Program Files (x86)\Microsoft Visual Studio\2019\BuildTools
    • Visual Studio Build Tools 2019 version 16.11.33529.622
    ✗ The current Visual Studio installation is incomplete. Please reinstall Visual Studio.

[✓] Android Studio (version 2021.2)
    • Android Studio at C:\Program Files\Android\Android Studio
    • Flutter plugin can be installed from:
      🔨 https://plugins.jetbrains.com/plugin/9212-flutter
    • Dart plugin can be installed from:
      🔨 https://plugins.jetbrains.com/plugin/6351-dart
    • Java version OpenJDK Runtime Environment (build 11.0.12+7-b1504.28-7817840)

[✓] VS Code (version 1.78.2)
    • VS Code at C:\Users\ahmed\AppData\Local\Programs\Microsoft VS Code
    • Flutter extension version 3.64.0

[✓] Connected device (2 available)
    • Chrome (web) • chrome • web-javascript • Google Chrome 113.0.5672.94
    • Edge (web)   • edge   • web-javascript • Microsoft Edge 113.0.1774.50

[✓] HTTP Host Availability
    • All required HTTP hosts are available

! Doctor found issues in 1 category.
```
